<band id="11452">
  <name>Test Valley Youth</name>
  <slug>test-valley-youth</slug>
  <website>http://www.testvalleybrass.co.uk/id1.html</website>
  <twitter></twitter>
  <region id="8">West of England</region>
  <latitude>51.2049951</latitude>
  <longitude>-1.5038993</longitude>
  <rehearsal>Thursday</rehearsal>
  <rehearsal>None</rehearsal>
  
  
  <start>None</start>
  <end></end>
  <status>Youth</status>
  <grading>None</grading>
  <scratch_band>False</scratch_band>

  <previous_names>
    
  </previous_names>
</band>
