<band id="429">
  <name>Test Valley Brass</name>
  <slug>test-valley-brass</slug>
  <website>http://www.testvalleybrass.co.uk/</website>
  <twitter>None</twitter>
  <region id="8">West of England</region>
  <latitude>51.205055</latitude>
  <longitude>-1.503325</longitude>
  <rehearsal>Monday</rehearsal>
  <rehearsal>None</rehearsal>
  
  
  <start>None</start>
  <end></end>
  <status>Competing</status>
  <grading>Fourth</grading>
  <scratch_band>False</scratch_band>

  <previous_names>
    
    <name id="1612">Test Valley Band</name>
    <start>None</start>
    <end>None</end>
    
    <name id="14363">Test Valley Brass Concert</name>
    <start>None</start>
    <end>None</end>
    
    <name id="9169">Test Valley Brass (Mitutoyo)</name>
    <start>None</start>
    <end>None</end>
    
    <name id="9165">Test Valley Brass (Mitutoyo UK Ltd)</name>
    <start>None</start>
    <end>None</end>
    
    <name id="14369">Test Valley Concert Brass</name>
    <start>None</start>
    <end>None</end>
    
  </previous_names>
</band>
